<?xml version="1.0" encoding="UTF-8"?>
<!-- Generated by org.testng.reporters.JUnitReportReporter -->
<testsuite hostname="DESKTOP-OB07HO0" failures="0" tests="2" name="TestCases.TU9_TC_01" time="1.577" errors="1" timestamp="2021-06-09T12:14:52 IST" skipped="1">
  <testcase classname="TestCases.TU9_TC_01" name="TestSelectHotel" time="0.000">
    <skipped/>
  </testcase> <!-- TestSelectHotel -->
  <system-out/>
  <testcase classname="TestCases.TU9_TC_01" name="pre" time="1.577">
    <error message="session not created: This version of ChromeDriver only supports Chrome version 89
Current browser version is 91.0.4472.77 with binary path C:\Program Files\Google\Chrome\Application\chrome.exe
Build info: version: &#039;3.14.0&#039;, revision: &#039;aacccce0&#039;, time: &#039;2018-08-02T20:19:58.91Z&#039;
System info: host: &#039;DESKTOP-OB07HO0&#039;, ip: &#039;172.27.238.88&#039;, os.name: &#039;Windows 10&#039;, os.arch: &#039;amd64&#039;, os.version: &#039;10.0&#039;, java.version: &#039;16&#039;
Driver info: driver.version: ChromeDriver
remote stacktrace: Backtrace:
	Ordinal0 [0x0075E7D3+124883]
	Ordinal0 [0x0075E7B1+124849]
	GetHandleVerifier [0x009A8688+193832]
	GetHandleVerifier [0x009C3AC5+305509]
	GetHandleVerifier [0x009C021B+291003]
	GetHandleVerifier [0x009BE0AC+282444]
	GetHandleVerifier [0x009E4A90+440624]
	GetHandleVerifier [0x009E47FC+439964]
	GetHandleVerifier [0x009E154B+426987]
	GetHandleVerifier [0x009C4FFD+310941]
	GetHandleVerifier [0x009C5D8E+314414]
	GetHandleVerifier [0x009C5D19+314297]
	GetHandleVerifier [0x00A831EC+1089676]
	GetHandleVerifier [0x00A817C9+1082985]
	GetHandleVerifier [0x00A813A3+1081923]
	GetHandleVerifier [0x00B7D9FD+2115741]
	Ordinal0 [0x008AB82E+1488942]
	Ordinal0 [0x00845A7D+1071741]
	Ordinal0 [0x0084559B+1070491]
	Ordinal0 [0x008454B1+1070257]
	Ordinal0 [0x0087FF53+1310547]
	BaseThreadInitThunk [0x7651FA29+25]
	RtlGetAppContainerNamedObjectPath [0x76EC7A7E+286]
	RtlGetAppContainerNamedObjectPath [0x76EC7A4E+238]
" type="org.openqa.selenium.SessionNotCreatedException">
      <![CDATA[org.openqa.selenium.SessionNotCreatedException: session not created: This version of ChromeDriver only supports Chrome version 89
Current browser version is 91.0.4472.77 with binary path C:\Program Files\Google\Chrome\Application\chrome.exe
Build info: version: '3.14.0', revision: 'aacccce0', time: '2018-08-02T20:19:58.91Z'
System info: host: 'DESKTOP-OB07HO0', ip: '172.27.238.88', os.name: 'Windows 10', os.arch: 'amd64', os.version: '10.0', java.version: '16'
Driver info: driver.version: ChromeDriver
remote stacktrace: Backtrace:
Ordinal0 [0x0075E7D3+124883]
Ordinal0 [0x0075E7B1+124849]
GetHandleVerifier [0x009A8688+193832]
GetHandleVerifier [0x009C3AC5+305509]
GetHandleVerifier [0x009C021B+291003]
GetHandleVerifier [0x009BE0AC+282444]
GetHandleVerifier [0x009E4A90+440624]
GetHandleVerifier [0x009E47FC+439964]
GetHandleVerifier [0x009E154B+426987]
GetHandleVerifier [0x009C4FFD+310941]
GetHandleVerifier [0x009C5D8E+314414]
GetHandleVerifier [0x009C5D19+314297]
GetHandleVerifier [0x00A831EC+1089676]
GetHandleVerifier [0x00A817C9+1082985]
GetHandleVerifier [0x00A813A3+1081923]
GetHandleVerifier [0x00B7D9FD+2115741]
Ordinal0 [0x008AB82E+1488942]
Ordinal0 [0x00845A7D+1071741]
Ordinal0 [0x0084559B+1070491]
Ordinal0 [0x008454B1+1070257]
Ordinal0 [0x0087FF53+1310547]
BaseThreadInitThunk [0x7651FA29+25]
RtlGetAppContainerNamedObjectPath [0x76EC7A7E+286]
RtlGetAppContainerNamedObjectPath [0x76EC7A4E+238]

at java.base/jdk.internal.reflect.NativeConstructorAccessorImpl.newInstance0(Native Method)
at java.base/jdk.internal.reflect.NativeConstructorAccessorImpl.newInstance(NativeConstructorAccessorImpl.java:78)
at java.base/jdk.internal.reflect.DelegatingConstructorAccessorImpl.newInstance(DelegatingConstructorAccessorImpl.java:45)
at java.base/java.lang.reflect.Constructor.newInstanceWithCaller(Constructor.java:499)
at java.base/java.lang.reflect.Constructor.newInstance(Constructor.java:480)
at org.openqa.selenium.remote.W3CHandshakeResponse.lambda$new$0(W3CHandshakeResponse.java:57)
at org.openqa.selenium.remote.W3CHandshakeResponse.lambda$getResponseFunction$2(W3CHandshakeResponse.java:104)
at org.openqa.selenium.remote.ProtocolHandshake.lambda$createSession$0(ProtocolHandshake.java:122)
at java.base/java.util.stream.ReferencePipeline$3$1.accept(ReferencePipeline.java:197)
at java.base/java.util.Spliterators$ArraySpliterator.tryAdvance(Spliterators.java:958)
at java.base/java.util.stream.ReferencePipeline.forEachWithCancel(ReferencePipeline.java:129)
at java.base/java.util.stream.AbstractPipeline.copyIntoWithCancel(AbstractPipeline.java:502)
at java.base/java.util.stream.AbstractPipeline.copyInto(AbstractPipeline.java:488)
at java.base/java.util.stream.AbstractPipeline.wrapAndCopyInto(AbstractPipeline.java:474)
at java.base/java.util.stream.FindOps$FindOp.evaluateSequential(FindOps.java:150)
at java.base/java.util.stream.AbstractPipeline.evaluate(AbstractPipeline.java:234)
at java.base/java.util.stream.ReferencePipeline.findFirst(ReferencePipeline.java:647)
at org.openqa.selenium.remote.ProtocolHandshake.createSession(ProtocolHandshake.java:125)
at org.openqa.selenium.remote.ProtocolHandshake.createSession(ProtocolHandshake.java:73)
at org.openqa.selenium.remote.HttpCommandExecutor.execute(HttpCommandExecutor.java:136)
at org.openqa.selenium.remote.service.DriverCommandExecutor.execute(DriverCommandExecutor.java:83)
at org.openqa.selenium.remote.RemoteWebDriver.execute(RemoteWebDriver.java:548)
at org.openqa.selenium.remote.RemoteWebDriver.startSession(RemoteWebDriver.java:212)
at org.openqa.selenium.remote.RemoteWebDriver.<init>(RemoteWebDriver.java:130)
at org.openqa.selenium.chrome.ChromeDriver.<init>(ChromeDriver.java:181)
at org.openqa.selenium.chrome.ChromeDriver.<init>(ChromeDriver.java:168)
at org.openqa.selenium.chrome.ChromeDriver.<init>(ChromeDriver.java:123)
at TestCases.Base.pre(Base.java:70)
at java.base/jdk.internal.reflect.NativeMethodAccessorImpl.invoke0(Native Method)
at java.base/jdk.internal.reflect.NativeMethodAccessorImpl.invoke(NativeMethodAccessorImpl.java:78)
at java.base/jdk.internal.reflect.DelegatingMethodAccessorImpl.invoke(DelegatingMethodAccessorImpl.java:43)
at java.base/java.lang.reflect.Method.invoke(Method.java:567)
at org.testng.internal.MethodInvocationHelper.invokeMethod(MethodInvocationHelper.java:132)
at org.testng.internal.MethodInvocationHelper.invokeMethodConsideringTimeout(MethodInvocationHelper.java:61)
at org.testng.internal.ConfigInvoker.invokeConfigurationMethod(ConfigInvoker.java:366)
at org.testng.internal.ConfigInvoker.invokeConfigurations(ConfigInvoker.java:320)
at org.testng.internal.TestInvoker.runConfigMethods(TestInvoker.java:701)
at org.testng.internal.TestInvoker.invokeMethod(TestInvoker.java:527)
at org.testng.internal.TestInvoker.invokeTestMethod(TestInvoker.java:174)
at org.testng.internal.MethodRunner.runInSequence(MethodRunner.java:46)
at org.testng.internal.TestInvoker$MethodInvocationAgent.invoke(TestInvoker.java:822)
at org.testng.internal.TestInvoker.invokeTestMethods(TestInvoker.java:147)
at org.testng.internal.TestMethodWorker.invokeTestMethods(TestMethodWorker.java:146)
at org.testng.internal.TestMethodWorker.run(TestMethodWorker.java:128)
at java.base/java.util.ArrayList.forEach(ArrayList.java:1511)
at org.testng.TestRunner.privateRun(TestRunner.java:764)
at org.testng.TestRunner.run(TestRunner.java:585)
at org.testng.SuiteRunner.runTest(SuiteRunner.java:384)
at org.testng.SuiteRunner.runSequentially(SuiteRunner.java:378)
at org.testng.SuiteRunner.privateRun(SuiteRunner.java:337)
at org.testng.SuiteRunner.run(SuiteRunner.java:286)
at org.testng.SuiteRunnerWorker.runSuite(SuiteRunnerWorker.java:53)
at org.testng.SuiteRunnerWorker.run(SuiteRunnerWorker.java:96)
at org.testng.TestNG.runSuitesSequentially(TestNG.java:1218)
at org.testng.TestNG.runSuitesLocally(TestNG.java:1140)
at org.testng.TestNG.runSuites(TestNG.java:1069)
at org.testng.TestNG.run(TestNG.java:1037)
at org.testng.remote.AbstractRemoteTestNG.run(AbstractRemoteTestNG.java:115)
at org.testng.remote.RemoteTestNG.initAndRun(RemoteTestNG.java:251)
at org.testng.remote.RemoteTestNG.main(RemoteTestNG.java:77)
]]>
    </error>
  </testcase> <!-- pre -->
  <system-out/>
</testsuite> <!-- TestCases.TU9_TC_01 -->
